\BOOKMARK [1][-]{section*.1}{\376\377\000A\000b\000s\000t\000r\000a\000c\000t}{}% 1
\BOOKMARK [1][-]{section.1}{\376\377\0001\000\040\000I\000n\000t\000r\000o\000d\000u\000c\000t\000i\000o\000n}{}% 2
\BOOKMARK [1][-]{section.2}{\376\377\0002\000\040\000E\000x\000a\000m\000p\000l\000e\000s}{}% 3
\BOOKMARK [2][-]{subsection.2.1}{\376\377\0002\000.\0001\000\040\000A\000u\000g\000m\000e\000n\000t\000i\000n\000g\000\040\000s\000e\000a\000r\000c\000h\000\040\000r\000e\000s\000u\000l\000t\000s}{section.2}% 4
\BOOKMARK [2][-]{subsection.2.2}{\376\377\0002\000.\0002\000\040\000S\000n\000o\000o\000z\000i\000n\000g\000\040\000t\000o\000d\000o\000s}{section.2}% 5
\BOOKMARK [2][-]{subsection.2.3}{\376\377\0002\000.\0003\000\040\000A\000d\000d\000i\000n\000g\000\040\000a\000\040\000c\000u\000s\000t\000o\000m\000\040\000d\000a\000t\000e\000p\000i\000c\000k\000e\000r}{section.2}% 6
\BOOKMARK [1][-]{section.3}{\376\377\0003\000\040\000S\000y\000s\000t\000e\000m\000\040\000a\000r\000c\000h\000i\000t\000e\000c\000t\000u\000r\000e}{}% 7
\BOOKMARK [2][-]{subsection.3.1}{\376\377\0003\000.\0001\000\040\000T\000a\000b\000l\000e\000\040\000a\000d\000a\000p\000t\000e\000r\000s}{section.3}% 8
\BOOKMARK [2][-]{subsection.3.2}{\376\377\0003\000.\0002\000\040\000Q\000u\000e\000r\000y\000\040\000e\000n\000g\000i\000n\000e}{section.3}% 9
\BOOKMARK [2][-]{subsection.3.3}{\376\377\0003\000.\0003\000\040\000T\000a\000b\000l\000e\000\040\000e\000d\000i\000t\000o\000r}{section.3}% 10
\BOOKMARK [1][-]{section.4}{\376\377\0004\000\040\000K\000e\000y\000\040\000t\000h\000e\000m\000e\000s}{}% 11
\BOOKMARK [2][-]{subsection.4.1}{\376\377\0004\000.\0001\000\040\000C\000u\000s\000t\000o\000m\000i\000z\000a\000t\000i\000o\000n\000\040\000b\000y\000\040\000d\000i\000r\000e\000c\000t\000\040\000m\000a\000n\000i\000p\000u\000l\000a\000t\000i\000o\000n}{section.4}% 12
\BOOKMARK [2][-]{subsection.4.2}{\376\377\0004\000.\0002\000\040\000G\000e\000n\000t\000l\000e\000\040\000s\000l\000o\000p\000e}{section.4}% 13
\BOOKMARK [2][-]{subsection.4.3}{\376\377\0004\000.\0003\000\040\000T\000h\000i\000r\000d\000-\000p\000a\000r\000t\000y\000\040\000s\000e\000m\000a\000n\000t\000i\000c\000\040\000w\000r\000a\000p\000p\000e\000r\000s}{section.4}% 14
\BOOKMARK [1][-]{section.5}{\376\377\0005\000\040\000E\000v\000a\000l\000u\000a\000t\000i\000o\000n}{}% 15
\BOOKMARK [2][-]{subsection.5.1}{\376\377\0005\000.\0001\000\040\000R\000a\000n\000g\000e\000\040\000o\000f\000\040\000c\000u\000s\000t\000o\000m\000i\000z\000a\000t\000i\000o\000n\000s}{section.5}% 16
\BOOKMARK [2][-]{subsection.5.2}{\376\377\0005\000.\0002\000\040\000V\000i\000a\000b\000i\000l\000i\000t\000y\000\040\000o\000f\000\040\000D\000O\000M\000\040\000s\000c\000r\000a\000p\000i\000n\000g}{section.5}% 17
\BOOKMARK [1][-]{section.6}{\376\377\0006\000\040\000R\000e\000l\000a\000t\000e\000d\000\040\000W\000o\000r\000k}{}% 18
\BOOKMARK [2][-]{subsection.6.1}{\376\377\0006\000.\0001\000\040\000C\000u\000s\000t\000o\000m\000i\000z\000a\000t\000i\000o\000n\000\040\000t\000o\000o\000l\000s}{section.6}% 19
\BOOKMARK [2][-]{subsection.6.2}{\376\377\0006\000.\0002\000\040\000V\000i\000s\000u\000a\000l\000\040\000d\000a\000t\000a\000b\000a\000s\000e\000\040\000q\000u\000e\000r\000y\000\040\000t\000o\000o\000l\000s}{section.6}% 20
\BOOKMARK [2][-]{subsection.6.3}{\376\377\0006\000.\0003\000\040\000O\000t\000h\000e\000r}{section.6}% 21
\BOOKMARK [1][-]{section*.10}{\376\377\000R\000e\000f\000e\000r\000e\000n\000c\000e\000s}{}% 22
